<?xml version="1.0" encoding="UTF-8"?>
<testng-results skipped="0" failed="0" ignored="0" total="1" passed="1">
  <reporter-output>
  </reporter-output>
  <suite name="Default suite" duration-ms="1663" started-at="2023-02-13T08:21:23Z" finished-at="2023-02-13T08:21:24Z">
    <groups>
    </groups>
    <test name="Default test" duration-ms="1663" started-at="2023-02-13T08:21:23Z" finished-at="2023-02-13T08:21:24Z">
      <class name="com.qa.hs.Tests.SearchUsingAPITest">
        <test-method status="PASS" signature="setup()[pri:0, instance:com.qa.hs.Tests.SearchUsingAPITest@64729b1e]" name="setup" is-config="true" duration-ms="331" started-at="2023-02-13T08:21:23Z" finished-at="2023-02-13T08:21:23Z">
          <reporter-output>
          </reporter-output>
        </test-method> <!-- setup -->
        <test-method status="PASS" signature="searchUsingAPI()[pri:0, instance:com.qa.hs.Tests.SearchUsingAPITest@64729b1e]" name="searchUsingAPI" duration-ms="1315" started-at="2023-02-13T08:21:23Z" finished-at="2023-02-13T08:21:24Z">
          <reporter-output>
          </reporter-output>
        </test-method> <!-- searchUsingAPI -->
      </class> <!-- com.qa.hs.Tests.SearchUsingAPITest -->
    </test> <!-- Default test -->
  </suite> <!-- Default suite -->
</testng-results>
